[32m2025-04-15 16:55:30 +1000[0m - dagster - [34mDEBUG[0m - materialize_dbt_models - 77b10fd8-e347-440e-bbb8-6ea247cc18cf - 73308 - LOGS_CAPTURED - Started capturing logs in process (pid: 73308).
[32m2025-04-15 16:55:30 +1000[0m - dagster - [34mDEBUG[0m - materialize_dbt_models - 77b10fd8-e347-440e-bbb8-6ea247cc18cf - 73308 - airbnb_dbt_dbt_assets - STEP_START - Started execution of step "airbnb_dbt_dbt_assets".
[32m2025-04-15 16:55:30 +1000[0m - dagster - [34mINFO[0m - materialize_dbt_models - 77b10fd8-e347-440e-bbb8-6ea247cc18cf - airbnb_dbt_dbt_assets - A dbt subsetted execution is not being performed. Using the default dbt selection arguments `['--select', 'fqn:*']`.
INFO:dagster.builtin:materialize_dbt_models - 77b10fd8-e347-440e-bbb8-6ea247cc18cf - airbnb_dbt_dbt_assets - A dbt subsetted execution is not being performed. Using the default dbt selection arguments `['--select', 'fqn:*']`.
[32m2025-04-15 16:55:30 +1000[0m - dagster - [34mINFO[0m - materialize_dbt_models - 77b10fd8-e347-440e-bbb8-6ea247cc18cf - airbnb_dbt_dbt_assets - Copying `/Users/jacktoke/Codes/DataEngineer/dbt/dagster-dbt/airbnb_dbt/target/partial_parse.msgpack` to `/Users/jacktoke/Codes/DataEngineer/dbt/dagster-dbt/airbnb_dbt/target/airbnb_dbt_dbt_assets-77b10fd-c546637/partial_parse.msgpack` to take advantage of partial parsing.
INFO:dagster.builtin:materialize_dbt_models - 77b10fd8-e347-440e-bbb8-6ea247cc18cf - airbnb_dbt_dbt_assets - Copying `/Users/jacktoke/Codes/DataEngineer/dbt/dagster-dbt/airbnb_dbt/target/partial_parse.msgpack` to `/Users/jacktoke/Codes/DataEngineer/dbt/dagster-dbt/airbnb_dbt/target/airbnb_dbt_dbt_assets-77b10fd-c546637/partial_parse.msgpack` to take advantage of partial parsing.
[32m2025-04-15 16:55:30 +1000[0m - dagster - [34mINFO[0m - materialize_dbt_models - 77b10fd8-e347-440e-bbb8-6ea247cc18cf - airbnb_dbt_dbt_assets - Running dbt command: `dbt build --select fqn:*`.
INFO:dagster.builtin:materialize_dbt_models - 77b10fd8-e347-440e-bbb8-6ea247cc18cf - airbnb_dbt_dbt_assets - Running dbt command: `dbt build --select fqn:*`.
[32m2025-04-15 16:55:33 +1000[0m - dagster - [34mDEBUG[0m - materialize_dbt_models - 77b10fd8-e347-440e-bbb8-6ea247cc18cf - 73308 - airbnb_dbt_dbt_assets - STEP_OUTPUT - Yielded output "src_hosts" of type "Nothing". (Type check passed).
[32m2025-04-15 16:55:33 +1000[0m - dagster - [34mDEBUG[0m - materialize_dbt_models - 77b10fd8-e347-440e-bbb8-6ea247cc18cf - 73308 - airbnb_dbt_dbt_assets - ASSET_MATERIALIZATION - Materialized value src_hosts.
[32m2025-04-15 16:55:33 +1000[0m - dagster - [34mDEBUG[0m - materialize_dbt_models - 77b10fd8-e347-440e-bbb8-6ea247cc18cf - 73308 - airbnb_dbt_dbt_assets - STEP_OUTPUT - Yielded output "src_reviews" of type "Nothing". (Type check passed).
[32m2025-04-15 16:55:33 +1000[0m - dagster - [34mDEBUG[0m - materialize_dbt_models - 77b10fd8-e347-440e-bbb8-6ea247cc18cf - 73308 - airbnb_dbt_dbt_assets - ASSET_MATERIALIZATION - Materialized value src_reviews.
[32m2025-04-15 16:55:36 +1000[0m - dagster - [34mDEBUG[0m - materialize_dbt_models - 77b10fd8-e347-440e-bbb8-6ea247cc18cf - 73308 - airbnb_dbt_dbt_assets - STEP_OUTPUT - Yielded output "seed_full_moon_dates" of type "Nothing". (Type check passed).
[32m2025-04-15 16:55:36 +1000[0m - dagster - [34mDEBUG[0m - materialize_dbt_models - 77b10fd8-e347-440e-bbb8-6ea247cc18cf - 73308 - airbnb_dbt_dbt_assets - ASSET_MATERIALIZATION - Materialized value seed_full_moon_dates.
[32m2025-04-15 16:55:37 +1000[0m - dagster - [34mWARNING[0m - materialize_dbt_models - 77b10fd8-e347-440e-bbb8-6ea247cc18cf - airbnb_dbt_dbt_assets - Logging an `AssetObservation` instead of an `AssetCheckResult` for dbt test `dbt_expectations_source_expect_column_distinct_count_to_equal_AIRBNB_LISTINGS_room_type__4`.

This test was not included in Dagster's asset check selection, and was likely executed due to dbt indirect selection.
WARNING:dagster.builtin:materialize_dbt_models - 77b10fd8-e347-440e-bbb8-6ea247cc18cf - airbnb_dbt_dbt_assets - Logging an `AssetObservation` instead of an `AssetCheckResult` for dbt test `dbt_expectations_source_expect_column_distinct_count_to_equal_AIRBNB_LISTINGS_room_type__4`.

This test was not included in Dagster's asset check selection, and was likely executed due to dbt indirect selection.
[32m2025-04-15 16:55:37 +1000[0m - dagster - [34mDEBUG[0m - materialize_dbt_models - 77b10fd8-e347-440e-bbb8-6ea247cc18cf - 73308 - airbnb_dbt_dbt_assets - ASSET_OBSERVATION - DagsterEventType.ASSET_OBSERVATION for step airbnb_dbt_dbt_assets
[32m2025-04-15 16:55:37 +1000[0m - dagster - [34mWARNING[0m - materialize_dbt_models - 77b10fd8-e347-440e-bbb8-6ea247cc18cf - airbnb_dbt_dbt_assets - Logging an `AssetObservation` instead of an `AssetCheckResult` for dbt test `dbt_expectations_source_expect_column_values_to_match_regex_AIRBNB_LISTINGS_price___d_d_2_`.

This test was not included in Dagster's asset check selection, and was likely executed due to dbt indirect selection.
WARNING:dagster.builtin:materialize_dbt_models - 77b10fd8-e347-440e-bbb8-6ea247cc18cf - airbnb_dbt_dbt_assets - Logging an `AssetObservation` instead of an `AssetCheckResult` for dbt test `dbt_expectations_source_expect_column_values_to_match_regex_AIRBNB_LISTINGS_price___d_d_2_`.

This test was not included in Dagster's asset check selection, and was likely executed due to dbt indirect selection.
[32m2025-04-15 16:55:38 +1000[0m - dagster - [34mDEBUG[0m - materialize_dbt_models - 77b10fd8-e347-440e-bbb8-6ea247cc18cf - 73308 - airbnb_dbt_dbt_assets - ASSET_OBSERVATION - DagsterEventType.ASSET_OBSERVATION for step airbnb_dbt_dbt_assets
[32m2025-04-15 16:55:38 +1000[0m - dagster - [34mDEBUG[0m - materialize_dbt_models - 77b10fd8-e347-440e-bbb8-6ea247cc18cf - 73308 - airbnb_dbt_dbt_assets - STEP_OUTPUT - Yielded output "dim_hosts_cleansed" of type "Nothing". (Type check passed).
[32m2025-04-15 16:55:38 +1000[0m - dagster - [34mDEBUG[0m - materialize_dbt_models - 77b10fd8-e347-440e-bbb8-6ea247cc18cf - 73308 - airbnb_dbt_dbt_assets - ASSET_MATERIALIZATION - Materialized value dim_hosts_cleansed.
[32m2025-04-15 16:55:40 +1000[0m - dagster - [34mDEBUG[0m - materialize_dbt_models - 77b10fd8-e347-440e-bbb8-6ea247cc18cf - 73308 - airbnb_dbt_dbt_assets - STEP_OUTPUT - Yielded output "fct_reviews" of type "Nothing". (Type check passed).
[32m2025-04-15 16:55:40 +1000[0m - dagster - [34mDEBUG[0m - materialize_dbt_models - 77b10fd8-e347-440e-bbb8-6ea247cc18cf - 73308 - airbnb_dbt_dbt_assets - ASSET_MATERIALIZATION - Materialized value fct_reviews.
[32m2025-04-15 16:55:41 +1000[0m - dagster - [34mDEBUG[0m - materialize_dbt_models - 77b10fd8-e347-440e-bbb8-6ea247cc18cf - 73308 - airbnb_dbt_dbt_assets - STEP_OUTPUT - Yielded output "src_listings" of type "Nothing". (Type check passed).
[32m2025-04-15 16:55:41 +1000[0m - dagster - [34mDEBUG[0m - materialize_dbt_models - 77b10fd8-e347-440e-bbb8-6ea247cc18cf - 73308 - airbnb_dbt_dbt_assets - ASSET_MATERIALIZATION - Materialized value src_listings.
[32m2025-04-15 16:55:45 +1000[0m - dagster - [34mDEBUG[0m - materialize_dbt_models - 77b10fd8-e347-440e-bbb8-6ea247cc18cf - 73308 - airbnb_dbt_dbt_assets - STEP_OUTPUT - Yielded output "scd_raw_listings" of type "Nothing". (Type check passed).
[32m2025-04-15 16:55:45 +1000[0m - dagster - [34mDEBUG[0m - materialize_dbt_models - 77b10fd8-e347-440e-bbb8-6ea247cc18cf - 73308 - airbnb_dbt_dbt_assets - ASSET_MATERIALIZATION - Materialized value scd_raw_listings.
[32m2025-04-15 16:55:46 +1000[0m - dagster - [34mDEBUG[0m - materialize_dbt_models - 77b10fd8-e347-440e-bbb8-6ea247cc18cf - 73308 - airbnb_dbt_dbt_assets - ASSET_CHECK_EVALUATION - DagsterEventType.ASSET_CHECK_EVALUATION for step airbnb_dbt_dbt_assets
[32m2025-04-15 16:55:46 +1000[0m - dagster - [34mDEBUG[0m - materialize_dbt_models - 77b10fd8-e347-440e-bbb8-6ea247cc18cf - 73308 - airbnb_dbt_dbt_assets - STEP_OUTPUT - Yielded output "dim_hosts_cleansed_not_null_dim_hosts_cleansed_host_id" of type "Any". (Type check passed).
[32m2025-04-15 16:55:46 +1000[0m - dagster - [34mDEBUG[0m - materialize_dbt_models - 77b10fd8-e347-440e-bbb8-6ea247cc18cf - 73308 - airbnb_dbt_dbt_assets - ASSET_CHECK_EVALUATION - DagsterEventType.ASSET_CHECK_EVALUATION for step airbnb_dbt_dbt_assets
[32m2025-04-15 16:55:46 +1000[0m - dagster - [34mDEBUG[0m - materialize_dbt_models - 77b10fd8-e347-440e-bbb8-6ea247cc18cf - 73308 - airbnb_dbt_dbt_assets - STEP_OUTPUT - Yielded output "dim_hosts_cleansed_unique_dim_hosts_cleansed_host_id" of type "Any". (Type check passed).
[32m2025-04-15 16:55:49 +1000[0m - dagster - [34mDEBUG[0m - materialize_dbt_models - 77b10fd8-e347-440e-bbb8-6ea247cc18cf - 73308 - airbnb_dbt_dbt_assets - STEP_OUTPUT - Yielded output "mart_fullmoon_reviews" of type "Nothing". (Type check passed).
[32m2025-04-15 16:55:50 +1000[0m - dagster - [34mDEBUG[0m - materialize_dbt_models - 77b10fd8-e347-440e-bbb8-6ea247cc18cf - 73308 - airbnb_dbt_dbt_assets - ASSET_MATERIALIZATION - Materialized value mart_fullmoon_reviews.
[32m2025-04-15 16:55:50 +1000[0m - dagster - [34mDEBUG[0m - materialize_dbt_models - 77b10fd8-e347-440e-bbb8-6ea247cc18cf - 73308 - airbnb_dbt_dbt_assets - STEP_OUTPUT - Yielded output "dim_listings_cleansed" of type "Nothing". (Type check passed).
[32m2025-04-15 16:55:50 +1000[0m - dagster - [34mDEBUG[0m - materialize_dbt_models - 77b10fd8-e347-440e-bbb8-6ea247cc18cf - 73308 - airbnb_dbt_dbt_assets - ASSET_MATERIALIZATION - Materialized value dim_listings_cleansed.
[32m2025-04-15 16:55:50 +1000[0m - dagster - [34mDEBUG[0m - materialize_dbt_models - 77b10fd8-e347-440e-bbb8-6ea247cc18cf - 73308 - airbnb_dbt_dbt_assets - ASSET_CHECK_EVALUATION - DagsterEventType.ASSET_CHECK_EVALUATION for step airbnb_dbt_dbt_assets
[32m2025-04-15 16:55:50 +1000[0m - dagster - [34mDEBUG[0m - materialize_dbt_models - 77b10fd8-e347-440e-bbb8-6ea247cc18cf - 73308 - airbnb_dbt_dbt_assets - STEP_OUTPUT - Yielded output "dim_listings_cleansed_accepted_values_dim_listings_cleansed_ROOM_TYPE__Entire_home_apt__Private_room__Shared_room__Hotel_room" of type "Any". (Type check passed).
[32m2025-04-15 16:55:50 +1000[0m - dagster - [34mWARNING[0m - materialize_dbt_models - 77b10fd8-e347-440e-bbb8-6ea247cc18cf - airbnb_dbt_dbt_assets - Logging an `AssetObservation` instead of an `AssetCheckResult` for dbt test `consistent_created_at`.

`consistent_created_at` is a singular test with multiple dependencies. Configure an asset key in the test's dbt meta to load it as an asset check.

This test was not included in Dagster's asset check selection, and was likely executed due to dbt indirect selection.
WARNING:dagster.builtin:materialize_dbt_models - 77b10fd8-e347-440e-bbb8-6ea247cc18cf - airbnb_dbt_dbt_assets - Logging an `AssetObservation` instead of an `AssetCheckResult` for dbt test `consistent_created_at`.

`consistent_created_at` is a singular test with multiple dependencies. Configure an asset key in the test's dbt meta to load it as an asset check.

This test was not included in Dagster's asset check selection, and was likely executed due to dbt indirect selection.
[32m2025-04-15 16:55:50 +1000[0m - dagster - [34mDEBUG[0m - materialize_dbt_models - 77b10fd8-e347-440e-bbb8-6ea247cc18cf - 73308 - airbnb_dbt_dbt_assets - ASSET_OBSERVATION - DagsterEventType.ASSET_OBSERVATION for step airbnb_dbt_dbt_assets
[32m2025-04-15 16:55:50 +1000[0m - dagster - [34mDEBUG[0m - materialize_dbt_models - 77b10fd8-e347-440e-bbb8-6ea247cc18cf - 73308 - airbnb_dbt_dbt_assets - ASSET_OBSERVATION - DagsterEventType.ASSET_OBSERVATION for step airbnb_dbt_dbt_assets
[32m2025-04-15 16:55:51 +1000[0m - dagster - [34mDEBUG[0m - materialize_dbt_models - 77b10fd8-e347-440e-bbb8-6ea247cc18cf - 73308 - airbnb_dbt_dbt_assets - ASSET_CHECK_EVALUATION - DagsterEventType.ASSET_CHECK_EVALUATION for step airbnb_dbt_dbt_assets
[32m2025-04-15 16:55:51 +1000[0m - dagster - [34mDEBUG[0m - materialize_dbt_models - 77b10fd8-e347-440e-bbb8-6ea247cc18cf - 73308 - airbnb_dbt_dbt_assets - STEP_OUTPUT - Yielded output "dim_listings_cleansed_dim_listings_minimum_nights" of type "Any". (Type check passed).
[32m2025-04-15 16:55:51 +1000[0m - dagster - [34mDEBUG[0m - materialize_dbt_models - 77b10fd8-e347-440e-bbb8-6ea247cc18cf - 73308 - airbnb_dbt_dbt_assets - ASSET_CHECK_EVALUATION - DagsterEventType.ASSET_CHECK_EVALUATION for step airbnb_dbt_dbt_assets
[32m2025-04-15 16:55:51 +1000[0m - dagster - [34mDEBUG[0m - materialize_dbt_models - 77b10fd8-e347-440e-bbb8-6ea247cc18cf - 73308 - airbnb_dbt_dbt_assets - STEP_OUTPUT - Yielded output "dim_listings_cleansed_no_null_in_dim_listings" of type "Any". (Type check passed).
[32m2025-04-15 16:55:52 +1000[0m - dagster - [34mDEBUG[0m - materialize_dbt_models - 77b10fd8-e347-440e-bbb8-6ea247cc18cf - 73308 - airbnb_dbt_dbt_assets - ASSET_CHECK_EVALUATION - DagsterEventType.ASSET_CHECK_EVALUATION for step airbnb_dbt_dbt_assets
[32m2025-04-15 16:55:52 +1000[0m - dagster - [34mDEBUG[0m - materialize_dbt_models - 77b10fd8-e347-440e-bbb8-6ea247cc18cf - 73308 - airbnb_dbt_dbt_assets - STEP_OUTPUT - Yielded output "dim_listings_cleansed_not_null_dim_listings_cleansed_HOST_ID" of type "Any". (Type check passed).
[32m2025-04-15 16:55:52 +1000[0m - dagster - [34mDEBUG[0m - materialize_dbt_models - 77b10fd8-e347-440e-bbb8-6ea247cc18cf - 73308 - airbnb_dbt_dbt_assets - ASSET_CHECK_EVALUATION - DagsterEventType.ASSET_CHECK_EVALUATION for step airbnb_dbt_dbt_assets
[32m2025-04-15 16:55:52 +1000[0m - dagster - [34mDEBUG[0m - materialize_dbt_models - 77b10fd8-e347-440e-bbb8-6ea247cc18cf - 73308 - airbnb_dbt_dbt_assets - STEP_OUTPUT - Yielded output "dim_listings_cleansed_not_null_dim_listings_cleansed_LISTING_ID" of type "Any". (Type check passed).
[32m2025-04-15 16:55:52 +1000[0m - dagster - [34mDEBUG[0m - materialize_dbt_models - 77b10fd8-e347-440e-bbb8-6ea247cc18cf - 73308 - airbnb_dbt_dbt_assets - ASSET_CHECK_EVALUATION - DagsterEventType.ASSET_CHECK_EVALUATION for step airbnb_dbt_dbt_assets
[32m2025-04-15 16:55:52 +1000[0m - dagster - [34mDEBUG[0m - materialize_dbt_models - 77b10fd8-e347-440e-bbb8-6ea247cc18cf - 73308 - airbnb_dbt_dbt_assets - STEP_OUTPUT - Yielded output "dim_listings_cleansed_positive_value_dim_listings_cleansed_minimum_nights" of type "Any". (Type check passed).
[32m2025-04-15 16:55:53 +1000[0m - dagster - [34mDEBUG[0m - materialize_dbt_models - 77b10fd8-e347-440e-bbb8-6ea247cc18cf - 73308 - airbnb_dbt_dbt_assets - ASSET_CHECK_EVALUATION - DagsterEventType.ASSET_CHECK_EVALUATION for step airbnb_dbt_dbt_assets
[32m2025-04-15 16:55:53 +1000[0m - dagster - [34mDEBUG[0m - materialize_dbt_models - 77b10fd8-e347-440e-bbb8-6ea247cc18cf - 73308 - airbnb_dbt_dbt_assets - STEP_OUTPUT - Yielded output "dim_listings_cleansed_relationships_dim_listings_cleansed_HOST_ID__host_id__ref_dim_hosts_cleansed_" of type "Any". (Type check passed).
[32m2025-04-15 16:55:53 +1000[0m - dagster - [34mDEBUG[0m - materialize_dbt_models - 77b10fd8-e347-440e-bbb8-6ea247cc18cf - 73308 - airbnb_dbt_dbt_assets - ASSET_CHECK_EVALUATION - DagsterEventType.ASSET_CHECK_EVALUATION for step airbnb_dbt_dbt_assets
[32m2025-04-15 16:55:53 +1000[0m - dagster - [34mDEBUG[0m - materialize_dbt_models - 77b10fd8-e347-440e-bbb8-6ea247cc18cf - 73308 - airbnb_dbt_dbt_assets - STEP_OUTPUT - Yielded output "dim_listings_cleansed_unique_dim_listings_cleansed_LISTING_ID" of type "Any". (Type check passed).
[32m2025-04-15 16:55:53 +1000[0m - dagster - [34mDEBUG[0m - materialize_dbt_models - 77b10fd8-e347-440e-bbb8-6ea247cc18cf - 73308 - airbnb_dbt_dbt_assets - STEP_OUTPUT - Yielded output "dim_listings_w_hosts" of type "Nothing". (Type check passed).
[32m2025-04-15 16:55:54 +1000[0m - dagster - [34mDEBUG[0m - materialize_dbt_models - 77b10fd8-e347-440e-bbb8-6ea247cc18cf - 73308 - airbnb_dbt_dbt_assets - ASSET_MATERIALIZATION - Materialized value dim_listings_w_hosts.
[32m2025-04-15 16:55:54 +1000[0m - dagster - [34mDEBUG[0m - materialize_dbt_models - 77b10fd8-e347-440e-bbb8-6ea247cc18cf - 73308 - airbnb_dbt_dbt_assets - ASSET_CHECK_EVALUATION - DagsterEventType.ASSET_CHECK_EVALUATION for step airbnb_dbt_dbt_assets
[32m2025-04-15 16:55:54 +1000[0m - dagster - [34mDEBUG[0m - materialize_dbt_models - 77b10fd8-e347-440e-bbb8-6ea247cc18cf - 73308 - airbnb_dbt_dbt_assets - STEP_OUTPUT - Yielded output "dim_listings_w_hosts_dbt_expectations_expect_column_max_to_be_between_dim_listings_w_hosts_price__5000__10" of type "Any". (Type check passed).
[32m2025-04-15 16:55:54 +1000[0m - dagster - [34mDEBUG[0m - materialize_dbt_models - 77b10fd8-e347-440e-bbb8-6ea247cc18cf - 73308 - airbnb_dbt_dbt_assets - ASSET_CHECK_EVALUATION - DagsterEventType.ASSET_CHECK_EVALUATION for step airbnb_dbt_dbt_assets
[32m2025-04-15 16:55:54 +1000[0m - dagster - [34mDEBUG[0m - materialize_dbt_models - 77b10fd8-e347-440e-bbb8-6ea247cc18cf - 73308 - airbnb_dbt_dbt_assets - STEP_OUTPUT - Yielded output "dim_listings_w_hosts_dbt_expectations_expect_column_quantile_values_to_be_between_dim_listings_w_hosts_price__500__50__0_99" of type "Any". (Type check passed).
[32m2025-04-15 16:55:54 +1000[0m - dagster - [34mDEBUG[0m - materialize_dbt_models - 77b10fd8-e347-440e-bbb8-6ea247cc18cf - 73308 - airbnb_dbt_dbt_assets - ASSET_CHECK_EVALUATION - DagsterEventType.ASSET_CHECK_EVALUATION for step airbnb_dbt_dbt_assets
[32m2025-04-15 16:55:54 +1000[0m - dagster - [34mDEBUG[0m - materialize_dbt_models - 77b10fd8-e347-440e-bbb8-6ea247cc18cf - 73308 - airbnb_dbt_dbt_assets - STEP_OUTPUT - Yielded output "dim_listings_w_hosts_dbt_expectations_expect_column_values_to_be_of_type_dim_listings_w_hosts_price__NUMBER" of type "Any". (Type check passed).
[32m2025-04-15 16:55:55 +1000[0m - dagster - [34mDEBUG[0m - materialize_dbt_models - 77b10fd8-e347-440e-bbb8-6ea247cc18cf - 73308 - airbnb_dbt_dbt_assets - ASSET_CHECK_EVALUATION - DagsterEventType.ASSET_CHECK_EVALUATION for step airbnb_dbt_dbt_assets
[32m2025-04-15 16:55:55 +1000[0m - dagster - [34mDEBUG[0m - materialize_dbt_models - 77b10fd8-e347-440e-bbb8-6ea247cc18cf - 73308 - airbnb_dbt_dbt_assets - STEP_OUTPUT - Yielded output "dim_listings_w_hosts_dbt_expectations_expect_table_row_count_to_equal_other_table_dim_listings_w_hosts_ref_dim_listings_cleansed___1" of type "Any". (Type check passed).
[32m2025-04-15 16:55:56 +1000[0m - dagster - [34mINFO[0m - materialize_dbt_models - 77b10fd8-e347-440e-bbb8-6ea247cc18cf - airbnb_dbt_dbt_assets - Finished dbt command: `dbt build --select fqn:*`.
INFO:dagster.builtin:materialize_dbt_models - 77b10fd8-e347-440e-bbb8-6ea247cc18cf - airbnb_dbt_dbt_assets - Finished dbt command: `dbt build --select fqn:*`.
[32m2025-04-15 16:55:56 +1000[0m - dagster - [34mDEBUG[0m - materialize_dbt_models - 77b10fd8-e347-440e-bbb8-6ea247cc18cf - 73308 - airbnb_dbt_dbt_assets - STEP_SUCCESS - Finished execution of step "airbnb_dbt_dbt_assets" in 26.11s.
